<?xml version="1.0" encoding="UTF-8"?>
<testng-results ignored="0" total="1" passed="1" failed="0" skipped="0">
  <reporter-output>
  </reporter-output>
  <suite started-at="2022-04-01T11:14:42 PDT" name="Default suite" finished-at="2022-04-01T11:15:21 PDT" duration-ms="39001">
    <groups>
    </groups>
    <test started-at="2022-04-01T11:14:42 PDT" name="Default test" finished-at="2022-04-01T11:15:21 PDT" duration-ms="39001">
      <class name="KeywordDriven.Application">
        <test-method signature="verifyInvalidLogin()[pri:0, instance:KeywordDriven.Application@d5b810e]" started-at="2022-04-01T11:14:42 PDT" name="verifyInvalidLogin" finished-at="2022-04-01T11:15:21 PDT" duration-ms="38934" status="PASS">
          <reporter-output>
          </reporter-output>
        </test-method> <!-- verifyInvalidLogin -->
      </class> <!-- KeywordDriven.Application -->
    </test> <!-- Default test -->
  </suite> <!-- Default suite -->
</testng-results>
